android/app/build/intermediates/manifest_merge_blame_file/debug/manifest-merger-blame-debug-report.txt
1<?xml version="1.0" encoding="utf-8"?>
2<manifest xmlns:android="http://schemas.android.com/apk/res/android"
3    package="com.sqliteerrordemo"
4    android:versionCode="1"
5    android:versionName="1.0" >
6
7    <uses-sdk
8        android:minSdkVersion="21"
9        android:targetSdkVersion="34" />
10
11    <uses-permission android:name="android.permission.INTERNET" />
11-->src/main/AndroidManifest.xml:3:5-67
11-->src/main/AndroidManifest.xml:3:22-64
12    <uses-permission android:name="android.permission.WRITE_EXTERNAL_STORAGE" />
12-->[:expo-file-system] AndroidManifest.xml:9:5-81
12-->[:expo-file-system] AndroidManifest.xml:9:22-78
13    <uses-permission android:name="android.permission.READ_EXTERNAL_STORAGE" />
13-->[:expo-file-system] AndroidManifest.xml:10:5-80
13-->[:expo-file-system] AndroidManifest.xml:10:22-77
14
15    <queries>
15-->[:expo-file-system] AndroidManifest.xml:12:5-18:15
16
17        <!-- Query open documents -->
18        <intent>
18-->[:expo-file-system] AndroidManifest.xml:15:9-17:18
19            <action android:name="android.intent.action.OPEN_DOCUMENT_TREE" />
19-->[:expo-file-system] AndroidManifest.xml:16:13-79
19-->[:expo-file-system] AndroidManifest.xml:16:21-76
20        </intent>
21    </queries>
22    <!--
23    This manifest file is used only by Gradle to configure debug-only capabilities
24    for React Native Apps.
25    -->
26    <uses-permission android:name="android.permission.SYSTEM_ALERT_WINDOW" />
26-->[com.facebook.react:react-android:0.73.4] AndroidManifest.xml:16:5-78
26-->[com.facebook.react:react-android:0.73.4] AndroidManifest.xml:16:22-75
27    <uses-permission android:name="android.permission.ACCESS_WIFI_STATE" />
27-->[com.facebook.flipper:flipper:0.201.0] AndroidManifest.xml:14:5-76
27-->[com.facebook.flipper:flipper:0.201.0] AndroidManifest.xml:14:22-73
28
29    <permission
29-->[androidx.core:core:1.12.0] AndroidManifest.xml:22:5-24:47
30        android:name="com.sqliteerrordemo.DYNAMIC_RECEIVER_NOT_EXPORTED_PERMISSION"
30-->[androidx.core:core:1.12.0] AndroidManifest.xml:23:9-81
31        android:protectionLevel="signature" />
31-->[androidx.core:core:1.12.0] AndroidManifest.xml:24:9-44
32
33    <uses-permission android:name="com.sqliteerrordemo.DYNAMIC_RECEIVER_NOT_EXPORTED_PERMISSION" />
33-->[androidx.core:core:1.12.0] AndroidManifest.xml:26:5-97
33-->[androidx.core:core:1.12.0] AndroidManifest.xml:26:22-94
34
35    <application
35-->src/main/AndroidManifest.xml:5:5-24:19
36        android:name="com.sqliteerrordemo.MainApplication"
36-->src/main/AndroidManifest.xml:6:7-38
37        android:allowBackup="false"
37-->src/main/AndroidManifest.xml:10:7-34
38        android:appComponentFactory="androidx.core.app.CoreComponentFactory"
38-->[androidx.core:core:1.12.0] AndroidManifest.xml:28:18-86
39        android:debuggable="true"
40        android:extractNativeLibs="true"
41        android:icon="@mipmap/ic_launcher"
41-->src/main/AndroidManifest.xml:8:7-41
42        android:label="@string/app_name"
42-->src/main/AndroidManifest.xml:7:7-39
43        android:roundIcon="@mipmap/ic_launcher_round"
43-->src/main/AndroidManifest.xml:9:7-52
44        android:testOnly="true"
45        android:theme="@style/AppTheme"
45-->src/main/AndroidManifest.xml:11:7-38
46        android:usesCleartextTraffic="true" >
46-->src/debug/AndroidManifest.xml:6:9-44
47        <activity
47-->src/main/AndroidManifest.xml:12:7-23:18
48            android:name="com.sqliteerrordemo.MainActivity"
48-->src/main/AndroidManifest.xml:13:9-37
49            android:configChanges="keyboard|keyboardHidden|orientation|screenLayout|screenSize|smallestScreenSize|uiMode"
49-->src/main/AndroidManifest.xml:15:9-118
50            android:exported="true"
50-->src/main/AndroidManifest.xml:18:9-32
51            android:label="@string/app_name"
51-->src/main/AndroidManifest.xml:14:9-41
52            android:launchMode="singleTask"
52-->src/main/AndroidManifest.xml:16:9-40
53            android:windowSoftInputMode="adjustResize" >
53-->src/main/AndroidManifest.xml:17:9-51
54            <intent-filter>
54-->src/main/AndroidManifest.xml:19:9-22:25
55                <action android:name="android.intent.action.MAIN" />
55-->src/main/AndroidManifest.xml:20:13-65
55-->src/main/AndroidManifest.xml:20:21-62
56
57                <category android:name="android.intent.category.LAUNCHER" />
57-->src/main/AndroidManifest.xml:21:13-73
57-->src/main/AndroidManifest.xml:21:23-70
58            </intent-filter>
59        </activity>
60
61        <provider
61-->[:expo-file-system] AndroidManifest.xml:21:9-30:20
62            android:name="expo.modules.filesystem.FileSystemFileProvider"
62-->[:expo-file-system] AndroidManifest.xml:22:13-74
63            android:authorities="com.sqliteerrordemo.FileSystemFileProvider"
63-->[:expo-file-system] AndroidManifest.xml:23:13-74
64            android:exported="false"
64-->[:expo-file-system] AndroidManifest.xml:24:13-37
65            android:grantUriPermissions="true" >
65-->[:expo-file-system] AndroidManifest.xml:25:13-47
66            <meta-data
66-->[:expo-file-system] AndroidManifest.xml:27:13-29:70
67                android:name="android.support.FILE_PROVIDER_PATHS"
67-->[:expo-file-system] AndroidManifest.xml:28:17-67
68                android:resource="@xml/file_system_provider_paths" />
68-->[:expo-file-system] AndroidManifest.xml:29:17-67
69        </provider>
70
71        <meta-data
71-->[:expo-modules-core] AndroidManifest.xml:9:9-11:89
72            android:name="org.unimodules.core.AppLoader#react-native-headless"
72-->[:expo-modules-core] AndroidManifest.xml:10:13-79
73            android:value="expo.modules.adapters.react.apploader.RNHeadlessAppLoader" />
73-->[:expo-modules-core] AndroidManifest.xml:11:13-86
74        <meta-data
74-->[:expo-modules-core] AndroidManifest.xml:12:9-15:45
75            android:name="com.facebook.soloader.enabled"
75-->[:expo-modules-core] AndroidManifest.xml:13:13-57
76            android:value="true" />
76-->[:expo-modules-core] AndroidManifest.xml:14:13-33
77
78        <activity
78-->[com.facebook.react:react-android:0.73.4] AndroidManifest.xml:19:9-21:40
79            android:name="com.facebook.react.devsupport.DevSettingsActivity"
79-->[com.facebook.react:react-android:0.73.4] AndroidManifest.xml:20:13-77
80            android:exported="false" />
80-->[com.facebook.react:react-android:0.73.4] AndroidManifest.xml:21:13-37
81
82        <provider
82-->[androidx.emoji2:emoji2:1.2.0] AndroidManifest.xml:24:9-32:20
83            android:name="androidx.startup.InitializationProvider"
83-->[androidx.emoji2:emoji2:1.2.0] AndroidManifest.xml:25:13-67
84            android:authorities="com.sqliteerrordemo.androidx-startup"
84-->[androidx.emoji2:emoji2:1.2.0] AndroidManifest.xml:26:13-68
85            android:exported="false" >
85-->[androidx.emoji2:emoji2:1.2.0] AndroidManifest.xml:27:13-37
86            <meta-data
86-->[androidx.emoji2:emoji2:1.2.0] AndroidManifest.xml:29:13-31:52
87                android:name="androidx.emoji2.text.EmojiCompatInitializer"
87-->[androidx.emoji2:emoji2:1.2.0] AndroidManifest.xml:30:17-75
88                android:value="androidx.startup" />
88-->[androidx.emoji2:emoji2:1.2.0] AndroidManifest.xml:31:17-49
89            <meta-data
89-->[androidx.lifecycle:lifecycle-process:2.4.1] AndroidManifest.xml:31:13-33:52
90                android:name="androidx.lifecycle.ProcessLifecycleInitializer"
90-->[androidx.lifecycle:lifecycle-process:2.4.1] AndroidManifest.xml:32:17-78
91                android:value="androidx.startup" />
91-->[androidx.lifecycle:lifecycle-process:2.4.1] AndroidManifest.xml:33:17-49
92        </provider>
93    </application>
94
95</manifest>